{"contracts\\EthernalVault.sol":{"l":{"42":3,"47":3,"48":3,"49":3,"64":8,"65":1,"70":7,"75":3,"80":4,"81":1,"86":3,"88":3,"89":5,"90":5,"102":3,"103":1,"108":2,"113":6,"114":1,"119":5,"120":1,"123":4,"124":5,"126":5,"130":3,"131":1,"136":2,"137":1,"142":1,"144":1,"149":1,"151":1,"152":1,"159":3,"160":1,"163":2,"164":2,"165":2,"166":1,"172":1,"174":1,"183":0,"184":0,"186":0},"path":"D:\\Blockchain\\Project\\Nakapad\\Ethernal-Vault-SC\\contracts\\EthernalVault.sol","s":{"1":3,"2":3,"3":3,"4":3,"5":8,"6":7,"7":4,"8":3,"9":3,"10":5,"11":3,"12":2,"13":6,"14":5,"15":4,"16":5,"17":5,"18":3,"19":2,"20":1,"21":1,"22":1,"23":3,"24":2,"25":2,"26":2,"27":1,"28":0,"29":0,"30":0},"b":{"1":[3,0],"2":[8,0],"3":[1,7],"4":[3,4],"5":[1,2],"6":[2,0],"7":[1,3],"8":[1,2],"9":[1,5],"10":[1,4],"11":[3,2],"12":[1,2],"13":[1,1],"14":[1,2],"15":[1,1],"16":[0,0],"17":[0,0]},"f":{"1":3,"2":3,"3":8,"4":6,"5":3,"6":0},"fnMap":{"1":{"name":"constructor","line":41,"loc":{"start":{"line":41,"column":4},"end":{"line":43,"column":4}}},"2":{"name":"initialize","line":46,"loc":{"start":{"line":46,"column":4},"end":{"line":50,"column":4}}},"3":{"name":"approveTokens","line":63,"loc":{"start":{"line":57,"column":4},"end":{"line":109,"column":4}}},"4":{"name":"claimTokens","line":112,"loc":{"start":{"line":112,"column":4},"end":{"line":155,"column":4}}},"5":{"name":"revokeAllocation","line":158,"loc":{"start":{"line":158,"column":4},"end":{"line":175,"column":4}}},"6":{"name":"setPause","line":182,"loc":{"start":{"line":182,"column":4},"end":{"line":188,"column":4}}}},"statementMap":{"1":{"start":{"line":42,"column":8},"end":{"line":42,"column":29}},"2":{"start":{"line":47,"column":8},"end":{"line":47,"column":23}},"3":{"start":{"line":48,"column":8},"end":{"line":48,"column":31}},"4":{"start":{"line":49,"column":8},"end":{"line":49,"column":24}},"5":{"start":{"line":64,"column":8},"end":{"line":64,"column":2382}},"6":{"start":{"line":70,"column":8},"end":{"line":70,"column":2545}},"7":{"start":{"line":80,"column":8},"end":{"line":80,"column":2866}},"8":{"start":{"line":86,"column":8},"end":{"line":86,"column":31}},"9":{"start":{"line":88,"column":8},"end":{"line":88,"column":3066}},"10":{"start":{"line":90,"column":12},"end":{"line":90,"column":3184}},"11":{"start":{"line":102,"column":8},"end":{"line":102,"column":3558}},"12":{"start":{"line":108,"column":8},"end":{"line":108,"column":65}},"13":{"start":{"line":113,"column":8},"end":{"line":113,"column":3917}},"14":{"start":{"line":119,"column":8},"end":{"line":119,"column":4080}},"15":{"start":{"line":123,"column":8},"end":{"line":123,"column":4222}},"16":{"start":{"line":124,"column":12},"end":{"line":124,"column":69}},"17":{"start":{"line":126,"column":12},"end":{"line":126,"column":4372}},"18":{"start":{"line":130,"column":16},"end":{"line":130,"column":4512}},"19":{"start":{"line":136,"column":16},"end":{"line":136,"column":4729}},"20":{"start":{"line":142,"column":16},"end":{"line":142,"column":4958}},"21":{"start":{"line":144,"column":16},"end":{"line":144,"column":5042}},"22":{"start":{"line":151,"column":16},"end":{"line":151,"column":72}},"23":{"start":{"line":159,"column":8},"end":{"line":159,"column":5472}},"24":{"start":{"line":163,"column":8},"end":{"line":163,"column":5615}},"25":{"start":{"line":164,"column":12},"end":{"line":164,"column":69}},"26":{"start":{"line":165,"column":12},"end":{"line":165,"column":5765}},"27":{"start":{"line":174,"column":8},"end":{"line":174,"column":67}},"28":{"start":{"line":183,"column":8},"end":{"line":183,"column":6388}},"29":{"start":{"line":184,"column":12},"end":{"line":184,"column":19}},"30":{"start":{"line":186,"column":12},"end":{"line":186,"column":21}}},"branchMap":{"1":{"line":46,"type":"if","locations":[{"start":{"line":46,"column":33},"end":{"line":46,"column":33}},{"start":{"line":46,"column":33},"end":{"line":46,"column":33}}]},"2":{"line":63,"type":"if","locations":[{"start":{"line":63,"column":24},"end":{"line":63,"column":24}},{"start":{"line":63,"column":24},"end":{"line":63,"column":24}}]},"3":{"line":64,"type":"if","locations":[{"start":{"line":64,"column":8},"end":{"line":64,"column":8}},{"start":{"line":64,"column":8},"end":{"line":64,"column":8}}]},"4":{"line":70,"type":"if","locations":[{"start":{"line":70,"column":8},"end":{"line":70,"column":8}},{"start":{"line":70,"column":8},"end":{"line":70,"column":8}}]},"5":{"line":71,"type":"cond-expr","locations":[{"start":{"line":71,"column":12},"end":{"line":71,"column":55}},{"start":{"line":72,"column":12},"end":{"line":72,"column":51}}]},"6":{"line":71,"type":"cond-expr","locations":[{"start":{"line":71,"column":12},"end":{"line":72,"column":51}},{"start":{"line":73,"column":12},"end":{"line":73,"column":53}}]},"7":{"line":80,"type":"if","locations":[{"start":{"line":80,"column":8},"end":{"line":80,"column":8}},{"start":{"line":80,"column":8},"end":{"line":80,"column":8}}]},"8":{"line":102,"type":"if","locations":[{"start":{"line":102,"column":8},"end":{"line":102,"column":8}},{"start":{"line":102,"column":8},"end":{"line":102,"column":8}}]},"9":{"line":113,"type":"if","locations":[{"start":{"line":113,"column":8},"end":{"line":113,"column":8}},{"start":{"line":113,"column":8},"end":{"line":113,"column":8}}]},"10":{"line":119,"type":"if","locations":[{"start":{"line":119,"column":8},"end":{"line":119,"column":8}},{"start":{"line":119,"column":8},"end":{"line":119,"column":8}}]},"11":{"line":126,"type":"if","locations":[{"start":{"line":126,"column":12},"end":{"line":126,"column":12}},{"start":{"line":126,"column":12},"end":{"line":126,"column":12}}]},"12":{"line":130,"type":"if","locations":[{"start":{"line":130,"column":16},"end":{"line":130,"column":16}},{"start":{"line":130,"column":16},"end":{"line":130,"column":16}}]},"13":{"line":136,"type":"if","locations":[{"start":{"line":136,"column":16},"end":{"line":136,"column":16}},{"start":{"line":136,"column":16},"end":{"line":136,"column":16}}]},"14":{"line":159,"type":"if","locations":[{"start":{"line":159,"column":8},"end":{"line":159,"column":8}},{"start":{"line":159,"column":8},"end":{"line":159,"column":8}}]},"15":{"line":165,"type":"if","locations":[{"start":{"line":165,"column":12},"end":{"line":165,"column":12}},{"start":{"line":165,"column":12},"end":{"line":165,"column":12}}]},"16":{"line":182,"type":"if","locations":[{"start":{"line":182,"column":56},"end":{"line":182,"column":56}},{"start":{"line":182,"column":56},"end":{"line":182,"column":56}}]},"17":{"line":183,"type":"if","locations":[{"start":{"line":183,"column":8},"end":{"line":183,"column":8}},{"start":{"line":183,"column":8},"end":{"line":183,"column":8}}]}}},"contracts\\Interfaces\\IEthernalVault.sol":{"l":{},"path":"D:\\Blockchain\\Project\\Nakapad\\Ethernal-Vault-SC\\contracts\\Interfaces\\IEthernalVault.sol","s":{},"b":{},"f":{},"fnMap":{},"statementMap":{},"branchMap":{}},"contracts\\mocks\\TUSDT.sol":{"l":{"9":3,"10":3,"14":0},"path":"D:\\Blockchain\\Project\\Nakapad\\Ethernal-Vault-SC\\contracts\\mocks\\TUSDT.sol","s":{"1":3,"2":3,"3":0},"b":{},"f":{"1":3,"2":0},"fnMap":{"1":{"name":"constructor","line":8,"loc":{"start":{"line":8,"column":4},"end":{"line":11,"column":4}}},"2":{"name":"mint","line":13,"loc":{"start":{"line":13,"column":4},"end":{"line":15,"column":4}}}},"statementMap":{"1":{"start":{"line":9,"column":8},"end":{"line":9,"column":32}},"2":{"start":{"line":10,"column":8},"end":{"line":10,"column":38}},"3":{"start":{"line":14,"column":8},"end":{"line":14,"column":33}}},"branchMap":{}},"contracts\\mocks\\TWETH.sol":{"l":{"9":0,"10":0,"14":0},"path":"D:\\Blockchain\\Project\\Nakapad\\Ethernal-Vault-SC\\contracts\\mocks\\TWETH.sol","s":{"1":0,"2":0,"3":0},"b":{},"f":{"1":0,"2":0},"fnMap":{"1":{"name":"constructor","line":8,"loc":{"start":{"line":8,"column":4},"end":{"line":11,"column":4}}},"2":{"name":"mint","line":13,"loc":{"start":{"line":13,"column":4},"end":{"line":15,"column":4}}}},"statementMap":{"1":{"start":{"line":9,"column":8},"end":{"line":9,"column":32}},"2":{"start":{"line":10,"column":8},"end":{"line":10,"column":38}},"3":{"start":{"line":14,"column":8},"end":{"line":14,"column":33}}},"branchMap":{}}}